<?xml version="1.0" encoding="UTF-8"?>
<!-- Generated by org.testng.reporters.JUnitXMLReporter -->
<testsuite ignored="0" hostname="Mithuns-MacBook-Air-2.local" failures="0" tests="6" name="SOAP_TEST_CASES" time="13.598" errors="0" timestamp="2022-08-07T22:53:57 IST">
  <testcase classname="soap.SoapTestScenario1" name="CelsiusToFahrenheitResponse" time="10.005"/>
  <testcase classname="soap.SoapTestScenario1" name="doGetSoapCall" time="1.032"/>
  <testcase classname="soap.SoapTestScenario1" name="doGetSoapCall_1" time="0.795"/>
  <testcase classname="soap.SoapTestScenario1" name="doGetSoapCall_2" time="0.637"/>
  <testcase classname="soap.SoapTestScenario1" name="validateWithContains_SOAP_1" time="0.479"/>
  <testcase classname="soap.SoapTestScenario1" name="validateWithContains_SOAP_2" time="0.49"/>
</testsuite> <!-- SOAP_TEST_CASES -->
