<?xml version="1.0" encoding="UTF-8"?>
<testng-results ignored="0" total="1" passed="1" failed="0" skipped="0">
  <reporter-output>
  </reporter-output>
  <suite started-at="2023-06-20T11:45:18 IST" name="Suite1" finished-at="2023-06-20T11:45:55 IST" duration-ms="36355">
    <groups>
    </groups>
    <test started-at="2023-06-20T11:45:18 IST" name="Nopackage" finished-at="2023-06-20T11:45:55 IST" duration-ms="36355">
      <class name="rest.HomeWork1">
        <test-method signature="auth_validation(java.lang.String)[pri:0, instance:rest.HomeWork1@dbd940d]" started-at="2023-06-20T11:45:18 IST" name="auth_validation" finished-at="2023-06-20T11:45:55 IST" duration-ms="36280" status="PASS">
          <params>
            <param index="0">
              <value>
                <![CDATA[https://httpbin.org/basic-auth/user/passwd]]>
              </value>
            </param>
          </params>
          <reporter-output>
          </reporter-output>
        </test-method> <!-- auth_validation -->
      </class> <!-- rest.HomeWork1 -->
    </test> <!-- Nopackage -->
  </suite> <!-- Suite1 -->
</testng-results>
