<?xml version="1.0" encoding="UTF-8"?>
<testng-results ignored="0" total="6" passed="6" failed="0" skipped="0">
  <reporter-output>
  </reporter-output>
  <suite started-at="2022-08-07T22:53:38 IST" name="Suite1" finished-at="2022-08-07T22:53:51 IST" duration-ms="13598">
    <groups>
    </groups>
    <test started-at="2022-08-07T22:53:38 IST" name="SOAP_TEST_CASES" finished-at="2022-08-07T22:53:51 IST" duration-ms="13598">
      <class name="soap.SoapTestScenario1">
        <test-method is-config="true" signature="testdatasetup()[pri:0, instance:soap.SoapTestScenario1@71d15f18]" started-at="2022-08-07T22:53:38 IST" name="testdatasetup" finished-at="2022-08-07T22:53:38 IST" duration-ms="38" status="PASS">
          <reporter-output>
          </reporter-output>
        </test-method> <!-- testdatasetup -->
        <test-method signature="CelsiusToFahrenheitResponse()[pri:0, instance:soap.SoapTestScenario1@71d15f18]" started-at="2022-08-07T22:53:38 IST" name="CelsiusToFahrenheitResponse" finished-at="2022-08-07T22:53:48 IST" duration-ms="10005" status="PASS">
          <reporter-output>
          </reporter-output>
        </test-method> <!-- CelsiusToFahrenheitResponse -->
        <test-method signature="doGetSoapCall()[pri:0, instance:soap.SoapTestScenario1@71d15f18]" started-at="2022-08-07T22:53:48 IST" name="doGetSoapCall" finished-at="2022-08-07T22:53:49 IST" duration-ms="1032" status="PASS">
          <reporter-output>
          </reporter-output>
        </test-method> <!-- doGetSoapCall -->
        <test-method signature="doGetSoapCall_1()[pri:0, instance:soap.SoapTestScenario1@71d15f18]" started-at="2022-08-07T22:53:49 IST" name="doGetSoapCall_1" finished-at="2022-08-07T22:53:50 IST" duration-ms="795" status="PASS">
          <reporter-output>
          </reporter-output>
        </test-method> <!-- doGetSoapCall_1 -->
        <test-method signature="doGetSoapCall_2()[pri:0, instance:soap.SoapTestScenario1@71d15f18]" started-at="2022-08-07T22:53:50 IST" name="doGetSoapCall_2" finished-at="2022-08-07T22:53:51 IST" duration-ms="637" status="PASS">
          <reporter-output>
          </reporter-output>
        </test-method> <!-- doGetSoapCall_2 -->
        <test-method signature="validateWithContains_SOAP_1()[pri:0, instance:soap.SoapTestScenario1@71d15f18]" started-at="2022-08-07T22:53:51 IST" name="validateWithContains_SOAP_1" finished-at="2022-08-07T22:53:51 IST" duration-ms="479" status="PASS">
          <reporter-output>
          </reporter-output>
        </test-method> <!-- validateWithContains_SOAP_1 -->
        <test-method signature="validateWithContains_SOAP_2()[pri:0, instance:soap.SoapTestScenario1@71d15f18]" started-at="2022-08-07T22:53:51 IST" name="validateWithContains_SOAP_2" finished-at="2022-08-07T22:53:51 IST" duration-ms="490" status="PASS">
          <reporter-output>
          </reporter-output>
        </test-method> <!-- validateWithContains_SOAP_2 -->
      </class> <!-- soap.SoapTestScenario1 -->
    </test> <!-- SOAP_TEST_CASES -->
  </suite> <!-- Suite1 -->
</testng-results>
